
---------------------------------------------------
[license]
code        = "LV614C 50455775608"
version     = 31400002
sn          = "471_3031_Astron_Station_5/1"
date        = 2019.09.02;10:21:13,000 
comment     = "European Station LV614"
expire      = 0000.00.00;00:00:00,000 
redundancy  = 0
ui          = 1
para        = 1
dde         = 5
event       = 1
ios         = 4000
ssi         = 0
api         = 80
excelreport = 5
http        = 0
infoserver  = 1000
comcenter   = 5
maintenance = 1
scheduler   = 1
s7          = 1
recipe      = 1
distributed = 255
ultralight  = 1
mobile_app  = 1
uifix       = 0
parafix     = 0
pararemote  = 0
ctrlext     = 1
update      = 0

